2025-05-19 23:19:15,768 - form_helper - WARNING - No config found for state CA, using basic defaults
2025-05-19 23:19:15,768 - form_helper - INFO - Loaded entity types: 7 found
2025-05-19 23:19:15,768 - form_helper - INFO - Initialized FormHelper for CA
2025-05-19 23:19:15,771 - form_helper - WARNING - No config found for state CA, using basic defaults
2025-05-19 23:19:15,771 - form_helper - INFO - Loaded entity types: 7 found
2025-05-19 23:19:15,771 - form_helper - INFO - Initialized FormHelper for CA
2025-05-19 23:19:15,771 - form_helper - WARNING - No config found for state CA, using basic defaults
2025-05-19 23:19:15,771 - form_helper - INFO - Loaded entity types: 7 found
2025-05-19 23:19:15,771 - form_helper - INFO - Initialized FormHelper for CA
2025-05-19 23:19:15,771 - form_helper - WARNING - No config found for state CA, using basic defaults
2025-05-19 23:19:15,771 - form_helper - INFO - Loaded entity types: 7 found
2025-05-19 23:19:15,771 - form_helper - INFO - Initialized FormHelper for CA
2025-05-19 23:19:15,772 - form_helper - WARNING - No config found for state CA, using basic defaults
2025-05-19 23:19:15,772 - form_helper - INFO - Loaded entity types: 7 found
2025-05-19 23:19:15,772 - form_helper - INFO - Initialized FormHelper for CA
2025-05-19 23:19:15,773 - form_helper - WARNING - No config found for state CA, using basic defaults
2025-05-19 23:19:15,773 - form_helper - INFO - Loaded entity types: 7 found
2025-05-19 23:19:15,773 - form_helper - INFO - Initialized FormHelper for CA
2025-05-19 23:19:15,773 - form_helper - WARNING - No config found for state CA, using basic defaults
2025-05-19 23:19:15,773 - form_helper - INFO - Loaded entity types: 7 found
2025-05-19 23:19:15,773 - form_helper - INFO - Initialized FormHelper for CA
2025-05-19 23:19:15,774 - form_helper - WARNING - No config found for state CA, using basic defaults
2025-05-19 23:19:15,774 - form_helper - INFO - Loaded entity types: 7 found
2025-05-19 23:19:15,774 - form_helper - INFO - Initialized FormHelper for CA
2025-05-19 23:19:15,774 - form_helper - WARNING - No config found for state DE, using basic defaults
2025-05-19 23:19:15,774 - form_helper - INFO - Loaded entity types: 7 found
2025-05-19 23:19:15,774 - form_helper - INFO - Initialized FormHelper for DE
2025-05-19 23:19:15,774 - form_helper - WARNING - No config found for state DE, using basic defaults
2025-05-19 23:19:15,774 - form_helper - INFO - Loaded entity types: 7 found
2025-05-19 23:19:15,774 - form_helper - INFO - Initialized FormHelper for DE
2025-05-19 23:21:48,899 - form_helper - WARNING - No config found for state CA, using basic defaults
2025-05-19 23:21:48,900 - form_helper - INFO - Loaded entity types: 7 found
2025-05-19 23:21:48,900 - form_helper - INFO - Initialized FormHelper for CA
2025-05-19 23:21:48,903 - form_helper - WARNING - No config found for state CA, using basic defaults
2025-05-19 23:21:48,904 - form_helper - INFO - Loaded entity types: 7 found
2025-05-19 23:21:48,904 - form_helper - INFO - Initialized FormHelper for CA
2025-05-19 23:21:48,904 - form_helper - WARNING - No config found for state CA, using basic defaults
2025-05-19 23:21:48,904 - form_helper - INFO - Loaded entity types: 7 found
2025-05-19 23:21:48,904 - form_helper - INFO - Initialized FormHelper for CA
2025-05-19 23:21:48,904 - form_helper - WARNING - No config found for state CA, using basic defaults
2025-05-19 23:21:48,904 - form_helper - INFO - Loaded entity types: 7 found
2025-05-19 23:21:48,904 - form_helper - INFO - Initialized FormHelper for CA
2025-05-19 23:21:48,904 - form_helper - WARNING - No config found for state CA, using basic defaults
2025-05-19 23:21:48,904 - form_helper - INFO - Loaded entity types: 7 found
2025-05-19 23:21:48,904 - form_helper - INFO - Initialized FormHelper for CA
2025-05-19 23:21:48,906 - form_helper - WARNING - No config found for state CA, using basic defaults
2025-05-19 23:21:48,906 - form_helper - INFO - Loaded entity types: 7 found
2025-05-19 23:21:48,906 - form_helper - INFO - Initialized FormHelper for CA
2025-05-19 23:21:48,906 - form_helper - WARNING - No config found for state CA, using basic defaults
2025-05-19 23:21:48,906 - form_helper - INFO - Loaded entity types: 7 found
2025-05-19 23:21:48,906 - form_helper - INFO - Initialized FormHelper for CA
2025-05-19 23:21:48,906 - form_helper - WARNING - No config found for state CA, using basic defaults
2025-05-19 23:21:48,907 - form_helper - INFO - Loaded entity types: 7 found
2025-05-19 23:21:48,907 - form_helper - INFO - Initialized FormHelper for CA
2025-05-19 23:21:48,907 - form_helper - WARNING - No config found for state DE, using basic defaults
2025-05-19 23:21:48,907 - form_helper - INFO - Loaded entity types: 7 found
2025-05-19 23:21:48,907 - form_helper - INFO - Initialized FormHelper for DE
2025-05-19 23:21:48,907 - form_helper - WARNING - No config found for state DE, using basic defaults
2025-05-19 23:21:48,907 - form_helper - INFO - Loaded entity types: 7 found
2025-05-19 23:21:48,907 - form_helper - INFO - Initialized FormHelper for DE
2025-05-19 23:22:30,781 - form_helper - WARNING - No config found for state CA, using basic defaults
2025-05-19 23:22:30,781 - form_helper - INFO - Loaded entity types: 7 found
2025-05-19 23:22:30,781 - form_helper - INFO - Initialized FormHelper for CA
2025-05-19 23:22:30,785 - form_helper - WARNING - No config found for state CA, using basic defaults
2025-05-19 23:22:30,785 - form_helper - INFO - Loaded entity types: 7 found
2025-05-19 23:22:30,785 - form_helper - INFO - Initialized FormHelper for CA
2025-05-19 23:22:30,786 - form_helper - WARNING - No config found for state CA, using basic defaults
2025-05-19 23:22:30,786 - form_helper - INFO - Loaded entity types: 7 found
2025-05-19 23:22:30,786 - form_helper - INFO - Initialized FormHelper for CA
2025-05-19 23:22:30,786 - form_helper - WARNING - No config found for state CA, using basic defaults
2025-05-19 23:22:30,787 - form_helper - INFO - Loaded entity types: 7 found
2025-05-19 23:22:30,787 - form_helper - INFO - Initialized FormHelper for CA
2025-05-19 23:22:30,787 - form_helper - WARNING - No config found for state CA, using basic defaults
2025-05-19 23:22:30,788 - form_helper - INFO - Loaded entity types: 7 found
2025-05-19 23:22:30,791 - form_helper - INFO - Initialized FormHelper for CA
2025-05-19 23:22:30,794 - form_helper - WARNING - No config found for state CA, using basic defaults
2025-05-19 23:22:30,794 - form_helper - INFO - Loaded entity types: 7 found
2025-05-19 23:22:30,794 - form_helper - INFO - Initialized FormHelper for CA
2025-05-19 23:22:30,794 - form_helper - WARNING - No config found for state CA, using basic defaults
2025-05-19 23:22:30,794 - form_helper - INFO - Loaded entity types: 7 found
2025-05-19 23:22:30,794 - form_helper - INFO - Initialized FormHelper for CA
2025-05-19 23:22:30,794 - form_helper - WARNING - No config found for state CA, using basic defaults
2025-05-19 23:22:30,795 - form_helper - INFO - Loaded entity types: 7 found
2025-05-19 23:22:30,795 - form_helper - INFO - Initialized FormHelper for CA
2025-05-19 23:22:30,795 - form_helper - WARNING - No config found for state DE, using basic defaults
2025-05-19 23:22:30,796 - form_helper - INFO - Loaded entity types: 7 found
2025-05-19 23:22:30,796 - form_helper - INFO - Initialized FormHelper for DE
2025-05-19 23:22:30,797 - form_helper - WARNING - No config found for state DE, using basic defaults
2025-05-19 23:22:30,797 - form_helper - INFO - Loaded entity types: 7 found
2025-05-19 23:22:30,797 - form_helper - INFO - Initialized FormHelper for DE
2025-05-19 23:23:29,245 - form_helper - WARNING - No config found for state CA, using basic defaults
2025-05-19 23:23:29,245 - form_helper - INFO - Loaded entity types: 7 found
2025-05-19 23:23:29,246 - form_helper - INFO - Initialized FormHelper for CA
2025-05-19 23:23:32,964 - form_helper - WARNING - No config found for state DE, using basic defaults
2025-05-19 23:23:32,964 - form_helper - INFO - Loaded entity types: 7 found
2025-05-19 23:23:32,964 - form_helper - INFO - Initialized FormHelper for DE
